#
# There is insufficient memory for the Java Runtime Environment to continue.
# Native memory allocation (malloc) failed to allocate 32744 bytes for ChunkPool::allocate
# Possible reasons:
#   The system is out of physical RAM or swap space
#   The process is running with CompressedOops enabled, and the Java Heap may be blocking the growth of the native heap
# Possible solutions:
#   Reduce memory load on the system
#   Increase physical memory or swap space
#   Check if swap backing store is full
#   Decrease Java heap size (-Xmx/-Xms)
#   Decrease number of Java threads
#   Decrease Java thread stack sizes (-Xss)
#   Set larger code cache with -XX:ReservedCodeCacheSize=
#   JVM is running with Unscaled Compressed Oops mode in which the Java heap is
#     placed in the first 4GB address space. The Java Heap base address is the
#     maximum limit for the native heap growth. Please use -XX:HeapBaseMinAddress
#     to set the Java Heap base and to place the Java Heap above 4GB virtual address.
# This output file may be truncated or incomplete.
#
#  Out of Memory Error (allocation.cpp:272), pid=9848, tid=0x0000000000000634
#
# JRE version: OpenJDK Runtime Environment (8.0_242-b01) (build 1.8.0_242-release-1644-b01)
# Java VM: OpenJDK 64-Bit Server VM (25.242-b01 mixed mode windows-amd64 compressed oops)
# Failed to write core dump. Minidumps are not enabled by default on client versions of Windows
#

---------------  T H R E A D  ---------------

Current thread (0x0000000017a99000):  JavaThread "C2 CompilerThread0" daemon [_thread_in_native, id=1588, stack(0x00000000190f0000,0x00000000191f0000)]

Stack: [0x00000000190f0000,0x00000000191f0000]
[error occurred during error reporting (printing stack bounds), id 0xc0000005]

Native frames: (J=compiled Java code, j=interpreted, Vv=VM code, C=native code)


Current CompileTask:
C2:3037770 23283   !   4       org.gradle.api.internal.changedetection.state.GlobalScopeFileTimeStampInspector::timestampCanBeUsedToDetectFileChange (86 bytes)


---------------  P R O C E S S  ---------------

Java Threads: ( => current thread )
  0x0000000021c96800 JavaThread "Cache worker for execution history cache (C:\Users\RITIK\Downloads\SE_project\.gradle\6.5\executionHistory)" [_thread_blocked, id=4772, stack(0x0000000023c40000,0x0000000023d40000)]
  0x0000000021c93000 JavaThread "Execution worker for ':' Thread 3" [_thread_blocked, id=4984, stack(0x0000000023b40000,0x0000000023c40000)]
  0x0000000021c92000 JavaThread "Execution worker for ':' Thread 2" [_thread_blocked, id=11020, stack(0x0000000023a40000,0x0000000023b40000)]
  0x0000000021c91800 JavaThread "Execution worker for ':'" [_thread_blocked, id=12248, stack(0x0000000023940000,0x0000000023a40000)]
  0x0000000021c94800 JavaThread "Cache worker for file content cache (C:\Users\RITIK\Downloads\SE_project\.gradle\6.5\fileContent)" [_thread_blocked, id=10828, stack(0x0000000032490000,0x0000000032590000)]
  0x0000000021c98000 JavaThread "pool-7-thread-1" [_thread_blocked, id=12072, stack(0x0000000032390000,0x0000000032490000)]
  0x0000000021c97800 JavaThread "Cache worker for Build Output Cleanup Cache (C:\Users\RITIK\Downloads\SE_project\.gradle\buildOutputCleanup)" [_thread_blocked, id=11844, stack(0x0000000032290000,0x0000000032390000)]
  0x000000001e04f800 JavaThread "jar transforms Thread 368" [_thread_blocked, id=9348, stack(0x0000000032190000,0x0000000032290000)]
  0x000000001e04f000 JavaThread "jar transforms Thread 367" [_thread_blocked, id=2028, stack(0x0000000032090000,0x0000000032190000)]
  0x000000001e04e000 JavaThread "jar transforms Thread 366" [_thread_blocked, id=1644, stack(0x0000000031f90000,0x0000000032090000)]
  0x000000001e04d800 JavaThread "jar transforms Thread 365" [_thread_blocked, id=10216, stack(0x0000000031e90000,0x0000000031f90000)]
  0x000000001e04c800 JavaThread "jar transforms Thread 364" [_thread_blocked, id=7540, stack(0x0000000031d90000,0x0000000031e90000)]
  0x000000001e04c000 JavaThread "jar transforms Thread 363" [_thread_blocked, id=2936, stack(0x0000000030850000,0x0000000030950000)]
  0x000000001e04a800 JavaThread "jar transforms Thread 362" [_thread_blocked, id=2012, stack(0x000000002d3e0000,0x000000002d4e0000)]
  0x000000001e04b000 JavaThread "jar transforms Thread 361" [_thread_blocked, id=3784, stack(0x000000002d2e0000,0x000000002d3e0000)]
  0x000000001e049800 JavaThread "jar transforms Thread 360" [_thread_blocked, id=9432, stack(0x000000002d1e0000,0x000000002d2e0000)]
  0x000000001e042000 JavaThread "jar transforms Thread 359" [_thread_blocked, id=12224, stack(0x000000002d0e0000,0x000000002d1e0000)]
  0x000000001e043000 JavaThread "jar transforms Thread 358" [_thread_blocked, id=10344, stack(0x000000002cfe0000,0x000000002d0e0000)]
  0x000000001e043800 JavaThread "jar transforms Thread 357" [_thread_blocked, id=7900, stack(0x000000002cee0000,0x000000002cfe0000)]
  0x000000001e049000 JavaThread "jar transforms Thread 356" [_thread_blocked, id=4504, stack(0x000000002cde0000,0x000000002cee0000)]
  0x000000001e046000 JavaThread "jar transforms Thread 355" [_thread_blocked, id=12244, stack(0x000000002cce0000,0x000000002cde0000)]
  0x000000001e048000 JavaThread "jar transforms Thread 354" [_thread_blocked, id=10836, stack(0x000000002cbe0000,0x000000002cce0000)]
  0x000000001e045000 JavaThread "jar transforms Thread 353" [_thread_blocked, id=2912, stack(0x000000002cae0000,0x000000002cbe0000)]
  0x000000001e046800 JavaThread "jar transforms Thread 352" [_thread_blocked, id=4644, stack(0x000000002c9e0000,0x000000002cae0000)]
  0x000000001e047800 JavaThread "jar transforms Thread 351" [_thread_blocked, id=11376, stack(0x000000002c8e0000,0x000000002c9e0000)]
  0x000000001e044800 JavaThread "jar transforms Thread 350" [_thread_blocked, id=10220, stack(0x000000002c7e0000,0x000000002c8e0000)]
  0x000000001e041800 JavaThread "jar transforms Thread 349" [_thread_blocked, id=11544, stack(0x000000002c6e0000,0x000000002c7e0000)]
  0x000000001e040800 JavaThread "jar transforms Thread 348" [_thread_blocked, id=5640, stack(0x000000002c5e0000,0x000000002c6e0000)]
  0x000000001a983800 JavaThread "jar transforms Thread 347" [_thread_blocked, id=11548, stack(0x000000002c4e0000,0x000000002c5e0000)]
  0x000000001a980000 JavaThread "jar transforms Thread 346" [_thread_blocked, id=7656, stack(0x000000002c3e0000,0x000000002c4e0000)]
  0x000000001a983000 JavaThread "jar transforms Thread 345" [_thread_blocked, id=6712, stack(0x000000002c0e0000,0x000000002c1e0000)]
  0x000000001a981800 JavaThread "jar transforms Thread 344" [_thread_blocked, id=4512, stack(0x000000002bfe0000,0x000000002c0e0000)]
  0x000000001a986000 JavaThread "jar transforms Thread 343" [_thread_blocked, id=9324, stack(0x000000002bee0000,0x000000002bfe0000)]
  0x000000001a980800 JavaThread "jar transforms Thread 342" [_thread_blocked, id=1652, stack(0x000000002bde0000,0x000000002bee0000)]
  0x000000001a984800 JavaThread "jar transforms Thread 341" [_thread_blocked, id=6236, stack(0x000000002bce0000,0x000000002bde0000)]
  0x000000001b46a800 JavaThread "jar transforms Thread 340" [_thread_blocked, id=10596, stack(0x000000002bbe0000,0x000000002bce0000)]
  0x000000001b469000 JavaThread "jar transforms Thread 339" [_thread_blocked, id=5792, stack(0x000000002b2d0000,0x000000002b3d0000)]
  0x000000001b461000 JavaThread "jar transforms Thread 338" [_thread_blocked, id=5136, stack(0x000000002abd0000,0x000000002acd0000)]
  0x000000001b468000 JavaThread "jar transforms Thread 337" [_thread_blocked, id=8372, stack(0x0000000027840000,0x0000000027940000)]
  0x000000001b460800 JavaThread "jar transforms Thread 336" [_thread_blocked, id=11428, stack(0x0000000027460000,0x0000000027560000)]
  0x000000001b467800 JavaThread "jar transforms Thread 335" [_thread_blocked, id=10012, stack(0x0000000027360000,0x0000000027460000)]
  0x000000001b466800 JavaThread "jar transforms Thread 334" [_thread_blocked, id=11228, stack(0x0000000027260000,0x0000000027360000)]
  0x000000001b45d800 JavaThread "jar transforms Thread 333" [_thread_blocked, id=9944, stack(0x0000000027160000,0x0000000027260000)]
  0x000000001b464800 JavaThread "jar transforms Thread 332" [_thread_blocked, id=9568, stack(0x0000000027060000,0x0000000027160000)]
  0x000000001b45c800 JavaThread "jar transforms Thread 331" [_thread_blocked, id=9600, stack(0x0000000026f60000,0x0000000027060000)]
  0x000000001b463000 JavaThread "jar transforms Thread 330" [_thread_blocked, id=11304, stack(0x0000000026e60000,0x0000000026f60000)]
  0x000000001b463800 JavaThread "jar transforms Thread 329" [_thread_blocked, id=5888, stack(0x0000000026d60000,0x0000000026e60000)]
  0x000000001e6d2800 JavaThread "jar transforms Thread 328" [_thread_blocked, id=11452, stack(0x0000000026c60000,0x0000000026d60000)]
  0x000000001e6cb000 JavaThread "jar transforms Thread 327" [_thread_blocked, id=10208, stack(0x0000000026b60000,0x0000000026c60000)]
  0x000000001e6d2000 JavaThread "jar transforms Thread 326" [_thread_blocked, id=32, stack(0x0000000026a60000,0x0000000026b60000)]
  0x000000001e6d0800 JavaThread "jar transforms Thread 325" [_thread_blocked, id=9224, stack(0x0000000026960000,0x0000000026a60000)]
  0x000000001e6cf000 JavaThread "jar transforms Thread 324" [_thread_blocked, id=7964, stack(0x0000000026860000,0x0000000026960000)]
  0x000000001e6ce000 JavaThread "jar transforms Thread 323" [_thread_blocked, id=9752, stack(0x0000000026760000,0x0000000026860000)]
  0x000000001e6cc000 JavaThread "jar transforms Thread 322" [_thread_blocked, id=6120, stack(0x0000000026660000,0x0000000026760000)]
  0x000000001e6d1000 JavaThread "jar transforms Thread 321" [_thread_blocked, id=6916, stack(0x0000000026560000,0x0000000026660000)]
  0x000000001e6cc800 JavaThread "jar transforms Thread 320" [_thread_blocked, id=2840, stack(0x0000000026460000,0x0000000026560000)]
  0x000000001e6cd800 JavaThread "jar transforms Thread 319" [_thread_blocked, id=7028, stack(0x0000000026360000,0x0000000026460000)]
  0x000000001e6c3800 JavaThread "jar transforms Thread 318" [_thread_blocked, id=7392, stack(0x0000000026260000,0x0000000026360000)]
  0x000000001e6c8000 JavaThread "jar transforms Thread 317" [_thread_blocked, id=11664, stack(0x0000000026160000,0x0000000026260000)]
  0x000000001e6c7800 JavaThread "jar transforms Thread 316" [_thread_blocked, id=8524, stack(0x0000000026060000,0x0000000026160000)]
  0x000000001e6c6800 JavaThread "jar transforms Thread 315" [_thread_blocked, id=9936, stack(0x0000000025f60000,0x0000000026060000)]
  0x000000001e6ca800 JavaThread "jar transforms Thread 314" [_thread_blocked, id=9328, stack(0x0000000025e60000,0x0000000025f60000)]
  0x000000001e6c5000 JavaThread "jar transforms Thread 313" [_thread_blocked, id=8608, stack(0x0000000025d60000,0x0000000025e60000)]
  0x000000001e6c6000 JavaThread "jar transforms Thread 312" [_thread_blocked, id=3068, stack(0x0000000025c60000,0x0000000025d60000)]
  0x000000001e6c9800 JavaThread "jar transforms Thread 311" [_thread_blocked, id=9868, stack(0x0000000025b60000,0x0000000025c60000)]
  0x000000001aee3800 JavaThread "jar transforms Thread 310" [_thread_blocked, id=2664, stack(0x0000000025a60000,0x0000000025b60000)]
  0x000000001aee1000 JavaThread "jar transforms Thread 309" [_thread_blocked, id=12272, stack(0x0000000025960000,0x0000000025a60000)]
  0x000000001aee0800 JavaThread "jar transforms Thread 308" [_thread_blocked, id=6884, stack(0x0000000025860000,0x0000000025960000)]
  0x000000001aedb800 JavaThread "jar transforms Thread 307" [_thread_blocked, id=412, stack(0x0000000025760000,0x0000000025860000)]
  0x000000001aee2000 JavaThread "jar transforms Thread 306" [_thread_blocked, id=2568, stack(0x0000000025660000,0x0000000025760000)]
  0x000000001aee2800 JavaThread "jar transforms Thread 305" [_thread_blocked, id=9084, stack(0x0000000025560000,0x0000000025660000)]
  0x000000001aede000 JavaThread "jar transforms Thread 304" [_thread_blocked, id=7952, stack(0x0000000025460000,0x0000000025560000)]
  0x000000001aedf800 JavaThread "jar transforms Thread 303" [_thread_blocked, id=8788, stack(0x0000000025360000,0x0000000025460000)]
  0x000000001aedc800 JavaThread "jar transforms Thread 302" [_thread_blocked, id=5232, stack(0x0000000025260000,0x0000000025360000)]
  0x000000001aede800 JavaThread "jar transforms Thread 301" [_thread_blocked, id=9772, stack(0x0000000025160000,0x0000000025260000)]
  0x000000001aed4000 JavaThread "jar transforms Thread 300" [_thread_blocked, id=11692, stack(0x0000000025060000,0x0000000025160000)]
  0x000000001aed5000 JavaThread "jar transforms Thread 299" [_thread_blocked, id=7512, stack(0x0000000024f60000,0x0000000025060000)]
  0x000000001aedb000 JavaThread "jar transforms Thread 298" [_thread_blocked, id=6740, stack(0x0000000024e60000,0x0000000024f60000)]
  0x000000001aed6800 JavaThread "jar transforms Thread 297" [_thread_blocked, id=10676, stack(0x0000000024d60000,0x0000000024e60000)]
  0x000000001aed8800 JavaThread "jar transforms Thread 296" [_thread_blocked, id=10276, stack(0x0000000024c60000,0x0000000024d60000)]
  0x000000001aed7000 JavaThread "jar transforms Thread 295" [_thread_blocked, id=6584, stack(0x0000000024b60000,0x0000000024c60000)]
  0x000000001aed9800 JavaThread "jar transforms Thread 294" [_thread_blocked, id=5288, stack(0x0000000024a60000,0x0000000024b60000)]
  0x000000001aeda000 JavaThread "jar transforms Thread 293" [_thread_blocked, id=2860, stack(0x0000000024960000,0x0000000024a60000)]
  0x000000001aed8000 JavaThread "jar transforms Thread 292" [_thread_blocked, id=10940, stack(0x0000000024860000,0x0000000024960000)]
  0x000000001b894800 JavaThread "jar transforms Thread 291" [_thread_blocked, id=12256, stack(0x0000000024760000,0x0000000024860000)]
  0x000000001b891800 JavaThread "jar transforms Thread 290" [_thread_blocked, id=9884, stack(0x0000000024660000,0x0000000024760000)]
  0x000000001b88f800 JavaThread "jar transforms Thread 289" [_thread_blocked, id=8892, stack(0x0000000024560000,0x0000000024660000)]
  0x000000001b893000 JavaThread "jar transforms Thread 288" [_thread_blocked, id=10668, stack(0x0000000024460000,0x0000000024560000)]
  0x000000001b896000 JavaThread "jar transforms Thread 287" [_thread_blocked, id=6200, stack(0x0000000024360000,0x0000000024460000)]
  0x000000001b892800 JavaThread "jar transforms Thread 286" [_thread_blocked, id=2500, stack(0x0000000024260000,0x0000000024360000)]
  0x000000001b894000 JavaThread "jar transforms Thread 285" [_thread_blocked, id=7764, stack(0x0000000024160000,0x0000000024260000)]
  0x000000001b891000 JavaThread "jar transforms Thread 284" [_thread_blocked, id=11200, stack(0x0000000024060000,0x0000000024160000)]
  0x000000001b890000 JavaThread "jar transforms Thread 283" [_thread_blocked, id=9416, stack(0x0000000023f60000,0x0000000024060000)]
  0x000000001b895800 JavaThread "jar transforms Thread 282" [_thread_blocked, id=416, stack(0x0000000023240000,0x0000000023340000)]
  0x000000001b888000 JavaThread "jar transforms Thread 281" [_thread_blocked, id=5788, stack(0x0000000022f40000,0x0000000023040000)]
  0x000000001b88c800 JavaThread "jar transforms Thread 280" [_thread_blocked, id=3744, stack(0x0000000022e40000,0x0000000022f40000)]
  0x000000001b88e800 JavaThread "jar transforms Thread 279" [_thread_blocked, id=8284, stack(0x0000000022d40000,0x0000000022e40000)]
  0x000000001b88a000 JavaThread "jar transforms Thread 278" [_thread_blocked, id=11900, stack(0x0000000020080000,0x0000000020180000)]
  0x000000001b889800 JavaThread "jar transforms Thread 277" [_thread_blocked, id=3580, stack(0x000000001fe50000,0x000000001ff50000)]
  0x000000001b88b000 JavaThread "Build operations Thread 4" [_thread_blocked, id=1612, stack(0x000000001fb50000,0x000000001fc50000)]
  0x000000001b88d000 JavaThread "Build operations Thread 3" [_thread_blocked, id=11924, stack(0x000000001f850000,0x000000001f950000)]
  0x000000001b88e000 JavaThread "Build operations Thread 2" [_thread_blocked, id=8616, stack(0x000000001f750000,0x000000001f850000)]
  0x000000001b888800 JavaThread "Build operations" [_thread_in_native, id=8908, stack(0x000000001f650000,0x000000001f750000)]
  0x000000001b88b800 JavaThread "Cache worker for cache directory md-rule (C:\Users\RITIK\.gradle\caches\6.5\md-rule)" [_thread_blocked, id=3292, stack(0x000000001f550000,0x000000001f650000)]
  0x000000001afb0000 JavaThread "Cache worker for cache directory md-supplier (C:\Users\RITIK\.gradle\caches\6.5\md-supplier)" [_thread_blocked, id=3688, stack(0x000000001f450000,0x000000001f550000)]
  0x000000001afad800 JavaThread "Cache worker for checksums cache (C:\Users\RITIK\Downloads\SE_project\.gradle\checksums)" [_thread_blocked, id=10304, stack(0x000000001f350000,0x000000001f450000)]
  0x000000001afb2800 JavaThread "Cache worker for file hash cache (C:\Users\RITIK\Downloads\SE_project\.gradle\6.5\fileHashes)" [_thread_blocked, id=3904, stack(0x000000001f250000,0x000000001f350000)]
  0x000000001afad000 JavaThread "Thread-363" [_thread_blocked, id=4520, stack(0x000000001f150000,0x000000001f250000)]
  0x000000001afa5800 JavaThread "Stdin handler" [_thread_blocked, id=6652, stack(0x000000001f050000,0x000000001f150000)]
  0x000000001afac000 JavaThread "Asynchronous log dispatcher for DefaultDaemonConnection: socket connection from /127.0.0.1:52913 to /127.0.0.1:53046" [_thread_blocked, id=8004, stack(0x000000001d280000,0x000000001d380000)]
  0x000000001afab800 JavaThread "Daemon worker Thread 4" [_thread_blocked, id=9480, stack(0x000000001cd80000,0x000000001ce80000)]
  0x000000001afa4000 JavaThread "Cancel handler" [_thread_blocked, id=5652, stack(0x000000001c940000,0x000000001ca40000)]
  0x000000001afaa000 JavaThread "Handler for socket connection from /127.0.0.1:52913 to /127.0.0.1:53046" [_thread_in_native, id=11172, stack(0x000000001c840000,0x000000001c940000)]
  0x000000001afa8800 JavaThread "Daemon Thread 4" [_thread_blocked, id=10624, stack(0x0000000000fc0000,0x00000000010c0000)]
  0x000000001afa7000 JavaThread "Cache worker for Java compile cache (C:\Users\RITIK\.gradle\caches\6.5\javaCompile)" [_thread_blocked, id=2284, stack(0x0000000020870000,0x0000000020970000)]
  0x000000001b45c000 JavaThread "MarlinRenderer Disposer" daemon [_thread_blocked, id=3608, stack(0x0000000021250000,0x0000000021350000)]
  0x000000001b462000 JavaThread "Java2D Disposer" daemon [_thread_blocked, id=9968, stack(0x0000000020750000,0x0000000020850000)]
  0x000000001e6c9000 JavaThread "Memory manager" [_thread_blocked, id=9756, stack(0x000000002aad0000,0x000000002abd0000)]
  0x000000001afb0800 JavaThread "Cache worker for file content cache (C:\Users\RITIK\.gradle\caches\6.5\fileContent)" [_thread_blocked, id=8464, stack(0x0000000021150000,0x0000000021250000)]
  0x000000001afae800 JavaThread "Cache worker for execution history cache (C:\Users\RITIK\.gradle\caches\6.5\executionHistory)" [_thread_blocked, id=10292, stack(0x0000000020c50000,0x0000000020d50000)]
  0x000000001a982000 JavaThread "Cache worker for file hash cache (C:\Users\RITIK\.gradle\caches\6.5\fileHashes)" [_thread_blocked, id=11788, stack(0x000000001db80000,0x000000001dc80000)]
  0x000000001a97f000 JavaThread "File lock request listener" [_thread_in_native, id=6944, stack(0x000000001da80000,0x000000001db80000)]
  0x000000001a985000 JavaThread "Cache worker for journal cache (C:\Users\RITIK\.gradle\caches\journal-1)" [_thread_blocked, id=5904, stack(0x000000001d880000,0x000000001d980000)]
  0x000000001aa04000 JavaThread "Daemon periodic checks" [_thread_blocked, id=4328, stack(0x000000001cc80000,0x000000001cd80000)]
  0x000000001a886000 JavaThread "Incoming local TCP Connector on port 52913" [_thread_in_native, id=10756, stack(0x000000001ca40000,0x000000001cb40000)]
  0x000000001a45d800 JavaThread "Daemon health stats" [_thread_blocked, id=12036, stack(0x000000001c400000,0x000000001c500000)]
  0x0000000019428800 JavaThread "Service Thread" daemon [_thread_blocked, id=6696, stack(0x00000000197f0000,0x00000000198f0000)]
  0x0000000017aac000 JavaThread "C1 CompilerThread2" daemon [_thread_blocked, id=8668, stack(0x00000000192f0000,0x00000000193f0000)]
  0x0000000017a9d000 JavaThread "C2 CompilerThread1" daemon [_thread_blocked, id=1092, stack(0x00000000191f0000,0x00000000192f0000)]
=>0x0000000017a99000 JavaThread "C2 CompilerThread0" daemon [_thread_in_native, id=1588, stack(0x00000000190f0000,0x00000000191f0000)]
  0x0000000017a96800 JavaThread "Attach Listener" daemon [_thread_blocked, id=11648, stack(0x0000000018ff0000,0x00000000190f0000)]
  0x0000000017a95000 JavaThread "Signal Dispatcher" daemon [_thread_blocked, id=9452, stack(0x0000000018ef0000,0x0000000018ff0000)]
  0x0000000002e6b000 JavaThread "Finalizer" daemon [_thread_blocked, id=8392, stack(0x0000000018cf0000,0x0000000018df0000)]
  0x0000000017a79000 JavaThread "Reference Handler" daemon [_thread_blocked, id=1712, stack(0x0000000018bf0000,0x0000000018cf0000)]
  0x0000000002c6e000 JavaThread "main" [_thread_blocked, id=4100, stack(0x0000000002c70000,0x0000000002d70000)]

Other Threads:
  0x0000000017a56000 VMThread [stack: 0x0000000018af0000,0x0000000018bf0000] [id=2852]
  0x0000000017aee800 WatcherThread [stack: 0x00000000198f0000,0x00000000199f0000] [id=9564]

VM state:not at safepoint (normal execution)

VM Mutex/Monitor currently owned by a thread: None

heap address: 0x0000000080000000, size: 2048 MB, Compressed Oops mode: 32-bit
Narrow klass base: 0x0000000000000000, Narrow klass shift: 3
Compressed class space size: 1073741824 Address: 0x0000000100000000

Heap:
 PSYoungGen      total 386048K, used 56727K [0x00000000d5580000, 0x00000000ef980000, 0x0000000100000000)
  eden space 342016K, 14% used [0x00000000d5580000,0x00000000d869a7a8,0x00000000ea380000)
  from space 44032K, 14% used [0x00000000ea380000,0x00000000ea9cb4a8,0x00000000ece80000)
  to   space 42496K, 0% used [0x00000000ed000000,0x00000000ed000000,0x00000000ef980000)
 ParOldGen       total 181760K, used 128418K [0x0000000080000000, 0x000000008b180000, 0x00000000d5580000)
  object space 181760K, 70% used [0x0000000080000000,0x0000000087d68808,0x000000008b180000)
 Metaspace       used 109672K, capacity 115104K, committed 116300K, reserved 1150976K
  class space    used 14202K, capacity 15239K, committed 15476K, reserved 1048576K

Card table byte_map: [0x0000000012230000,0x0000000012640000] byte_map_base: 0x0000000011e30000

Marking Bits: (ParMarkBitMap*) 0x0000000062aff030
 Begin Bits: [0x0000000012cf0000, 0x0000000014cf0000)
 End Bits:   [0x0000000014cf0000, 0x0000000016cf0000)

Polling page: 0x0000000000eb0000

CodeCache: size=245760Kb used=63619Kb max_used=64663Kb free=182140Kb
 bounds [0x0000000002e70000, 0x0000000006df0000, 0x0000000011e70000]
 total_blobs=18812 nmethods=17782 adapters=938
 compilation: enabled

Compilation events (10 events):
Event: 3037.055 Thread 0x0000000017aac000 nmethod 23281 0x00000000038b0ad0 code [0x00000000038b0ce0, 0x00000000038b15f8]
Event: 3037.055 Thread 0x0000000017aac000 23282       3       org.gradle.internal.work.DefaultWorkerLeaseService::containsProjectLocks (13 bytes)
Event: 3037.055 Thread 0x0000000017aac000 nmethod 23282 0x0000000005ccb990 code [0x0000000005ccbb20, 0x0000000005ccbfb8]
Event: 3037.155 Thread 0x0000000017a99000 23283   !   4       org.gradle.api.internal.changedetection.state.GlobalScopeFileTimeStampInspector::timestampCanBeUsedToDetectFileChange (86 bytes)
Event: 3037.187 Thread 0x0000000017aac000 23284       3       org.gradle.internal.work.DefaultWorkerLeaseService::releaseLocks (15 bytes)
Event: 3037.188 Thread 0x0000000017aac000 nmethod 23284 0x0000000004c64390 code [0x0000000004c64520, 0x0000000004c64888]
Event: 3037.203 Thread 0x0000000017a9d000 23285       4       org.gradle.api.internal.artifacts.transform.AttributeMatchingVariantSelector::doSelect (491 bytes)
Event: 3037.424 Thread 0x0000000017aac000 23286       3       org.gradle.api.internal.artifacts.ivyservice.resolveengine.result.ComponentResultSerializer::read (74 bytes)
Event: 3037.478 Thread 0x0000000017aac000 nmethod 23286 0x0000000005785ad0 code [0x0000000005785ce0, 0x00000000057863e8]
Event: 3037.478 Thread 0x0000000017aac000 23288       3       org.gradle.api.internal.artifacts.ivyservice.resolveengine.result.DefaultResolutionResultBuilder::visitOutgoingEdges (281 bytes)

GC Heap History (10 events):
Event: 2649.556 GC heap before
{Heap before GC invocations=56 (full 5):
 PSYoungGen      total 384512K, used 365138K [0x00000000d5580000, 0x00000000ef980000, 0x0000000100000000)
  eden space 342016K, 100% used [0x00000000d5580000,0x00000000ea380000,0x00000000ea380000)
  from space 42496K, 54% used [0x00000000ed000000,0x00000000ee6948c0,0x00000000ef980000)
  to   space 44032K, 0% used [0x00000000ea380000,0x00000000ea380000,0x00000000ece80000)
 ParOldGen       total 181760K, used 107972K [0x0000000080000000, 0x000000008b180000, 0x00000000d5580000)
  object space 181760K, 59% used [0x0000000080000000,0x0000000086971290,0x000000008b180000)
 Metaspace       used 103767K, capacity 108982K, committed 110540K, reserved 1144832K
  class space    used 13491K, capacity 14459K, committed 14836K, reserved 1048576K
Event: 2649.932 GC heap after
Heap after GC invocations=56 (full 5):
 PSYoungGen      total 386048K, used 27327K [0x00000000d5580000, 0x00000000ef980000, 0x0000000100000000)
  eden space 342016K, 0% used [0x00000000d5580000,0x00000000d5580000,0x00000000ea380000)
  from space 44032K, 62% used [0x00000000ea380000,0x00000000ebe2fe68,0x00000000ece80000)
  to   space 42496K, 0% used [0x00000000ed000000,0x00000000ed000000,0x00000000ef980000)
 ParOldGen       total 181760K, used 107980K [0x0000000080000000, 0x000000008b180000, 0x00000000d5580000)
  object space 181760K, 59% used [0x0000000080000000,0x0000000086973290,0x000000008b180000)
 Metaspace       used 103767K, capacity 108982K, committed 110540K, reserved 1144832K
  class space    used 13491K, capacity 14459K, committed 14836K, reserved 1048576K
}
Event: 2653.963 GC heap before
{Heap before GC invocations=57 (full 5):
 PSYoungGen      total 386048K, used 369343K [0x00000000d5580000, 0x00000000ef980000, 0x0000000100000000)
  eden space 342016K, 100% used [0x00000000d5580000,0x00000000ea380000,0x00000000ea380000)
  from space 44032K, 62% used [0x00000000ea380000,0x00000000ebe2fe68,0x00000000ece80000)
  to   space 42496K, 0% used [0x00000000ed000000,0x00000000ed000000,0x00000000ef980000)
 ParOldGen       total 181760K, used 107980K [0x0000000080000000, 0x000000008b180000, 0x00000000d5580000)
  object space 181760K, 59% used [0x0000000080000000,0x0000000086973290,0x000000008b180000)
 Metaspace       used 103770K, capacity 108982K, committed 110540K, reserved 1144832K
  class space    used 13491K, capacity 14459K, committed 14836K, reserved 1048576K
Event: 2654.882 GC heap after
Heap after GC invocations=57 (full 5):
 PSYoungGen      total 384512K, used 16238K [0x00000000d5580000, 0x00000000ef980000, 0x0000000100000000)
  eden space 342016K, 0% used [0x00000000d5580000,0x00000000d5580000,0x00000000ea380000)
  from space 42496K, 38% used [0x00000000ed000000,0x00000000edfdba00,0x00000000ef980000)
  to   space 44032K, 0% used [0x00000000ea380000,0x00000000ea380000,0x00000000ece80000)
 ParOldGen       total 181760K, used 110858K [0x0000000080000000, 0x000000008b180000, 0x00000000d5580000)
  object space 181760K, 60% used [0x0000000080000000,0x0000000086c42a28,0x000000008b180000)
 Metaspace       used 103770K, capacity 108982K, committed 110540K, reserved 1144832K
  class space    used 13491K, capacity 14459K, committed 14836K, reserved 1048576K
}
Event: 2659.964 GC heap before
{Heap before GC invocations=58 (full 5):
 PSYoungGen      total 384512K, used 358254K [0x00000000d5580000, 0x00000000ef980000, 0x0000000100000000)
  eden space 342016K, 100% used [0x00000000d5580000,0x00000000ea380000,0x00000000ea380000)
  from space 42496K, 38% used [0x00000000ed000000,0x00000000edfdba00,0x00000000ef980000)
  to   space 44032K, 0% used [0x00000000ea380000,0x00000000ea380000,0x00000000ece80000)
 ParOldGen       total 181760K, used 110858K [0x0000000080000000, 0x000000008b180000, 0x00000000d5580000)
  object space 181760K, 60% used [0x0000000080000000,0x0000000086c42a28,0x000000008b180000)
 Metaspace       used 103780K, capacity 108982K, committed 110540K, reserved 1144832K
  class space    used 13491K, capacity 14459K, committed 14836K, reserved 1048576K
Event: 2660.055 GC heap after
Heap after GC invocations=58 (full 5):
 PSYoungGen      total 386048K, used 16450K [0x00000000d5580000, 0x00000000ef980000, 0x0000000100000000)
  eden space 342016K, 0% used [0x00000000d5580000,0x00000000d5580000,0x00000000ea380000)
  from space 44032K, 37% used [0x00000000ea380000,0x00000000eb390878,0x00000000ece80000)
  to   space 42496K, 0% used [0x00000000ed000000,0x00000000ed000000,0x00000000ef980000)
 ParOldGen       total 181760K, used 111198K [0x0000000080000000, 0x000000008b180000, 0x00000000d5580000)
  object space 181760K, 61% used [0x0000000080000000,0x0000000086c97a58,0x000000008b180000)
 Metaspace       used 103780K, capacity 108982K, committed 110540K, reserved 1144832K
  class space    used 13491K, capacity 14459K, committed 14836K, reserved 1048576K
}
Event: 2684.369 GC heap before
{Heap before GC invocations=59 (full 5):
 PSYoungGen      total 386048K, used 358466K [0x00000000d5580000, 0x00000000ef980000, 0x0000000100000000)
  eden space 342016K, 100% used [0x00000000d5580000,0x00000000ea380000,0x00000000ea380000)
  from space 44032K, 37% used [0x00000000ea380000,0x00000000eb390878,0x00000000ece80000)
  to   space 42496K, 0% used [0x00000000ed000000,0x00000000ed000000,0x00000000ef980000)
 ParOldGen       total 181760K, used 111198K [0x0000000080000000, 0x000000008b180000, 0x00000000d5580000)
  object space 181760K, 61% used [0x0000000080000000,0x0000000086c97a58,0x000000008b180000)
 Metaspace       used 104462K, capacity 109774K, committed 111052K, reserved 1144832K
  class space    used 13558K, capacity 14551K, committed 14836K, reserved 1048576K
Event: 2685.184 GC heap after
Heap after GC invocations=59 (full 5):
 PSYoungGen      total 384512K, used 42467K [0x00000000d5580000, 0x00000000ef980000, 0x0000000100000000)
  eden space 342016K, 0% used [0x00000000d5580000,0x00000000d5580000,0x00000000ea380000)
  from space 42496K, 99% used [0x00000000ed000000,0x00000000ef978c88,0x00000000ef980000)
  to   space 44032K, 0% used [0x00000000ea380000,0x00000000ea380000,0x00000000ece80000)
 ParOldGen       total 181760K, used 122385K [0x0000000080000000, 0x000000008b180000, 0x00000000d5580000)
  object space 181760K, 67% used [0x0000000080000000,0x00000000877844e0,0x000000008b180000)
 Metaspace       used 104462K, capacity 109774K, committed 111052K, reserved 1144832K
  class space    used 13558K, capacity 14551K, committed 14836K, reserved 1048576K
}
Event: 3031.182 GC heap before
{Heap before GC invocations=60 (full 5):
 PSYoungGen      total 384512K, used 384483K [0x00000000d5580000, 0x00000000ef980000, 0x0000000100000000)
  eden space 342016K, 100% used [0x00000000d5580000,0x00000000ea380000,0x00000000ea380000)
  from space 42496K, 99% used [0x00000000ed000000,0x00000000ef978c88,0x00000000ef980000)
  to   space 44032K, 0% used [0x00000000ea380000,0x00000000ea380000,0x00000000ece80000)
 ParOldGen       total 181760K, used 122385K [0x0000000080000000, 0x000000008b180000, 0x00000000d5580000)
  object space 181760K, 67% used [0x0000000080000000,0x00000000877844e0,0x000000008b180000)
 Metaspace       used 109584K, capacity 115062K, committed 116300K, reserved 1150976K
  class space    used 14197K, capacity 15232K, committed 15476K, reserved 1048576K
Event: 3031.926 GC heap after
Heap after GC invocations=60 (full 5):
 PSYoungGen      total 386048K, used 6445K [0x00000000d5580000, 0x00000000ef980000, 0x0000000100000000)
  eden space 342016K, 0% used [0x00000000d5580000,0x00000000d5580000,0x00000000ea380000)
  from space 44032K, 14% used [0x00000000ea380000,0x00000000ea9cb4a8,0x00000000ece80000)
  to   space 42496K, 0% used [0x00000000ed000000,0x00000000ed000000,0x00000000ef980000)
 ParOldGen       total 181760K, used 128418K [0x0000000080000000, 0x000000008b180000, 0x00000000d5580000)
  object space 181760K, 70% used [0x0000000080000000,0x0000000087d68808,0x000000008b180000)
 Metaspace       used 109584K, capacity 115062K, committed 116300K, reserved 1150976K
  class space    used 14197K, capacity 15232K, committed 15476K, reserved 1048576K
}

Deoptimization events (10 events):
Event: 3029.294 Thread 0x000000001afab800 Uncommon trap: reason=unstable_if action=reinterpret pc=0x0000000006aa5140 method=java.util.Spliterators$ArraySpliterator.forEachRemaining(Ljava/util/function/Consumer;)V @ 46
Event: 3029.520 Thread 0x000000001afab800 Uncommon trap: reason=class_check action=maybe_recompile pc=0x00000000043ba520 method=com.google.common.collect.ImmutableMap.copyOf(Ljava/util/Map;)Lcom/google/common/collect/ImmutableMap; @ 49
Event: 3029.520 Thread 0x000000001afab800 Uncommon trap: reason=class_check action=maybe_recompile pc=0x0000000005256ef0 method=com.google.common.collect.Iterables.castOrCopyToCollection(Ljava/lang/Iterable;)Ljava/util/Collection; @ 1
Event: 3029.557 Thread 0x000000001afab800 Uncommon trap: reason=class_check action=maybe_recompile pc=0x00000000043ba520 method=com.google.common.collect.ImmutableMap.copyOf(Ljava/util/Map;)Lcom/google/common/collect/ImmutableMap; @ 49
Event: 3029.557 Thread 0x000000001afab800 Uncommon trap: reason=class_check action=maybe_recompile pc=0x0000000005256ef0 method=com.google.common.collect.Iterables.castOrCopyToCollection(Ljava/lang/Iterable;)Ljava/util/Collection; @ 1
Event: 3029.559 Thread 0x000000001afab800 Uncommon trap: reason=class_check action=maybe_recompile pc=0x00000000043ba520 method=com.google.common.collect.ImmutableMap.copyOf(Ljava/util/Map;)Lcom/google/common/collect/ImmutableMap; @ 49
Event: 3029.559 Thread 0x000000001afab800 Uncommon trap: reason=class_check action=maybe_recompile pc=0x0000000005256ef0 method=com.google.common.collect.Iterables.castOrCopyToCollection(Ljava/lang/Iterable;)Ljava/util/Collection; @ 1
Event: 3030.328 Thread 0x000000001afab800 Uncommon trap: reason=class_check action=maybe_recompile pc=0x0000000005caf65c method=java.util.Spliterators$ArraySpliterator.tryAdvance(Ljava/util/function/Consumer;)Z @ 49
Event: 3032.589 Thread 0x000000001afab800 Uncommon trap: reason=class_check action=maybe_recompile pc=0x0000000005caf65c method=java.util.Spliterators$ArraySpliterator.tryAdvance(Ljava/util/function/Consumer;)Z @ 49
Event: 3036.675 Thread 0x0000000021c91800 Uncommon trap: reason=class_check action=maybe_recompile pc=0x0000000006bd7c94 method=org.gradle.internal.snapshot.SnapshotUtil.getMetadataFromChildren(Ljava/util/List;Lorg/gradle/internal/snapshot/VfsRelativePath;Lorg/gradle/internal/snapshot/CaseSensiti

Classes redefined (0 events):
No events

Internal exceptions (10 events):
Event: 2768.580 Thread 0x000000001e6c6800 Exception <a 'sun/nio/fs/WindowsException'> (0x00000000e4d09080) thrown at [C:\src\AOSP-openjdk-git\hotspot\src\share\vm\prims\jni.cpp, line 710]
Event: 2768.581 Thread 0x000000001e6c6800 Exception <a 'sun/nio/fs/WindowsException'> (0x00000000e4d0bb68) thrown at [C:\src\AOSP-openjdk-git\hotspot\src\share\vm\prims\jni.cpp, line 710]
Event: 2768.581 Thread 0x000000001e6c6800 Exception <a 'sun/nio/fs/WindowsException'> (0x00000000e4d0d408) thrown at [C:\src\AOSP-openjdk-git\hotspot\src\share\vm\prims\jni.cpp, line 710]
Event: 2768.762 Thread 0x000000001e6c6800 Implicit null exception at 0x00000000051cccd1 to 0x00000000051cd561
Event: 2769.224 Thread 0x000000001e6c6800 Implicit null exception at 0x0000000003e15499 to 0x0000000003e169cd
Event: 2774.420 Thread 0x000000001e6c6800 Exception <a 'java/lang/reflect/InvocationTargetException'> (0x00000000e5f6f898) thrown at [C:\src\AOSP-openjdk-git\hotspot\src\share\vm\runtime\reflection.cpp, line 1092]
Event: 3028.151 Thread 0x000000001afab800 Exception <a 'sun/nio/fs/WindowsException'> (0x00000000e9dd0090) thrown at [C:\src\AOSP-openjdk-git\hotspot\src\share\vm\prims\jni.cpp, line 710]
Event: 3028.872 Thread 0x000000001afab800 Implicit null exception at 0x00000000038d045d to 0x00000000038d0665
Event: 3028.873 Thread 0x000000001afab800 Implicit null exception at 0x000000000472dc91 to 0x000000000472dec5
Event: 3030.561 Thread 0x000000001afab800 Exception <a 'sun/nio/fs/WindowsException'> (0x00000000ea26d870) thrown at [C:\src\AOSP-openjdk-git\hotspot\src\share\vm\prims\jni.cpp, line 710]

Events (10 events):
Event: 3034.839 Executing VM operation: RevokeBias done
Event: 3034.840 Executing VM operation: RevokeBias
Event: 3034.840 Executing VM operation: RevokeBias done
Event: 3034.840 Executing VM operation: RevokeBias
Event: 3034.841 Executing VM operation: RevokeBias done
Event: 3035.636 loading class org/gradle/api/internal/provider/ValueSupplier$1
Event: 3035.636 loading class org/gradle/api/internal/provider/ValueSupplier$1 done
Event: 3036.674 Thread 0x0000000021c91800 Uncommon trap: trap_request=0xffffffde fr.pc=0x0000000006bd7c94
Event: 3036.675 Thread 0x0000000021c91800 DEOPT PACKING pc=0x0000000006bd7c94 sp=0x0000000023a3c8b0
Event: 3036.675 Thread 0x0000000021c91800 DEOPT UNPACKING pc=0x0000000002eb557b sp=0x0000000023a3c878 mode 2


Dynamic libraries:
0x00007ff6032c0000 - 0x00007ff6032f1000 	C:\Program Files\Android\Android Studio\jre\bin\java.exe
0x00007ffa95310000 - 0x00007ffa95506000 	C:\WINDOWS\SYSTEM32\ntdll.dll
0x00007ffa934a0000 - 0x00007ffa9355d000 	C:\WINDOWS\System32\KERNEL32.DLL
0x00007ffa93020000 - 0x00007ffa932e9000 	C:\WINDOWS\System32\KERNELBASE.dll
0x00007ffa935f0000 - 0x00007ffa9369c000 	C:\WINDOWS\System32\ADVAPI32.dll
0x00007ffa94a80000 - 0x00007ffa94b1e000 	C:\WINDOWS\System32\msvcrt.dll
0x00007ffa95090000 - 0x00007ffa9512c000 	C:\WINDOWS\System32\sechost.dll
0x00007ffa93850000 - 0x00007ffa9397b000 	C:\WINDOWS\System32\RPCRT4.dll
0x00007ffa95130000 - 0x00007ffa952d0000 	C:\WINDOWS\System32\USER32.dll
0x00007ffa932f0000 - 0x00007ffa93312000 	C:\WINDOWS\System32\win32u.dll
0x00007ffa949a0000 - 0x00007ffa949ca000 	C:\WINDOWS\System32\GDI32.dll
0x00007ffa92ee0000 - 0x00007ffa92feb000 	C:\WINDOWS\System32\gdi32full.dll
0x00007ffa92dc0000 - 0x00007ffa92e5d000 	C:\WINDOWS\System32\msvcp_win.dll
0x00007ffa92c10000 - 0x00007ffa92d10000 	C:\WINDOWS\System32\ucrtbase.dll
0x00007ffa854a0000 - 0x00007ffa8573b000 	C:\WINDOWS\WinSxS\amd64_microsoft.windows.common-controls_6595b64144ccf1df_6.0.19041.746_none_ca02b4b61b8320a4\COMCTL32.dll
0x00007ffa93df0000 - 0x00007ffa93e20000 	C:\WINDOWS\System32\IMM32.DLL
0x0000000062c50000 - 0x0000000062d22000 	C:\Program Files\Android\Android Studio\jre\jre\bin\msvcr100.dll
0x0000000062330000 - 0x0000000062b7b000 	C:\Program Files\Android\Android Studio\jre\jre\bin\server\jvm.dll
0x00007ffa94660000 - 0x00007ffa94668000 	C:\WINDOWS\System32\PSAPI.DLL
0x00007ffa878d0000 - 0x00007ffa878d9000 	C:\WINDOWS\SYSTEM32\WSOCK32.dll
0x00007ffa94820000 - 0x00007ffa9488b000 	C:\WINDOWS\System32\WS2_32.dll
0x00007ffa89510000 - 0x00007ffa89537000 	C:\WINDOWS\SYSTEM32\WINMM.dll
0x00007ffa89540000 - 0x00007ffa8954a000 	C:\WINDOWS\SYSTEM32\VERSION.dll
0x00007ffa87850000 - 0x00007ffa8785f000 	C:\Program Files\Android\Android Studio\jre\jre\bin\verify.dll
0x00007ffa7d160000 - 0x00007ffa7d189000 	C:\Program Files\Android\Android Studio\jre\jre\bin\java.dll
0x00007ffa7cfd0000 - 0x00007ffa7cfe6000 	C:\Program Files\Android\Android Studio\jre\jre\bin\zip.dll
0x00007ffa93e20000 - 0x00007ffa94562000 	C:\WINDOWS\System32\SHELL32.dll
0x00007ffa90ba0000 - 0x00007ffa91330000 	C:\WINDOWS\SYSTEM32\windows.storage.dll
0x00007ffa94c00000 - 0x00007ffa94f56000 	C:\WINDOWS\System32\combase.dll
0x00007ffa92440000 - 0x00007ffa9246c000 	C:\WINDOWS\SYSTEM32\Wldp.dll
0x00007ffa949d0000 - 0x00007ffa94a7e000 	C:\WINDOWS\System32\SHCORE.dll
0x00007ffa94890000 - 0x00007ffa948e5000 	C:\WINDOWS\System32\shlwapi.dll
0x00007ffa92980000 - 0x00007ffa929a6000 	C:\WINDOWS\SYSTEM32\profapi.dll
0x00007ffa7cfb0000 - 0x00007ffa7cfca000 	C:\Program Files\Android\Android Studio\jre\jre\bin\net.dll
0x00007ffa92160000 - 0x00007ffa921ca000 	C:\WINDOWS\system32\mswsock.dll
0x00007ffa7cef0000 - 0x00007ffa7cf03000 	C:\Program Files\Android\Android Studio\jre\jre\bin\nio.dll
0x00007ffa709c0000 - 0x00007ffa709e7000 	C:\Users\RITIK\.gradle\native\f6784746aeab05261644944871eae4fe03e0ef1612fff0a4a95f87b438bc6780\windows-amd64\native-platform.dll
0x00007ffa80b90000 - 0x00007ffa80b9d000 	C:\Program Files\Android\Android Studio\jre\jre\bin\management.dll
0x00007ffa92330000 - 0x00007ffa92348000 	C:\WINDOWS\SYSTEM32\CRYPTSP.dll
0x00007ffa91b00000 - 0x00007ffa91b34000 	C:\WINDOWS\system32\rsaenh.dll
0x00007ffa92ff0000 - 0x00007ffa93017000 	C:\WINDOWS\System32\bcrypt.dll
0x00007ffa92900000 - 0x00007ffa9292e000 	C:\WINDOWS\SYSTEM32\USERENV.dll
0x00007ffa92e60000 - 0x00007ffa92ee0000 	C:\WINDOWS\System32\bcryptprimitives.dll
0x00007ffa92350000 - 0x00007ffa9235c000 	C:\WINDOWS\SYSTEM32\CRYPTBASE.dll
0x00007ffa91e50000 - 0x00007ffa91e8b000 	C:\WINDOWS\SYSTEM32\IPHLPAPI.DLL
0x00007ffa94650000 - 0x00007ffa94658000 	C:\WINDOWS\System32\NSI.dll
0x00007ffa89fe0000 - 0x00007ffa89ff7000 	C:\WINDOWS\SYSTEM32\dhcpcsvc6.DLL
0x00007ffa89fc0000 - 0x00007ffa89fdd000 	C:\WINDOWS\SYSTEM32\dhcpcsvc.DLL
0x00007ffa91e90000 - 0x00007ffa91f5b000 	C:\WINDOWS\SYSTEM32\DNSAPI.dll
0x00007ffa8a1d0000 - 0x00007ffa8a1db000 	C:\WINDOWS\SYSTEM32\WINNSI.DLL
0x00007ffa78390000 - 0x00007ffa783b4000 	C:\Program Files\Android\Android Studio\jre\jre\bin\sunec.dll
0x00007ffa84760000 - 0x00007ffa8476a000 	C:\Windows\System32\rasadhlp.dll
0x00007ffa84dd0000 - 0x00007ffa84e4f000 	C:\WINDOWS\System32\fwpuclnt.dll
0x00007ffa8cc80000 - 0x00007ffa8cc8b000 	C:\Program Files\Android\Android Studio\jre\jre\bin\sunmscapi.dll
0x00007ffa92ab0000 - 0x00007ffa92c06000 	C:\WINDOWS\System32\CRYPT32.dll
0x00007ffa5c400000 - 0x00007ffa5c59c000 	C:\Program Files\Android\Android Studio\jre\jre\bin\awt.dll
0x00007ffa94f60000 - 0x00007ffa9502d000 	C:\WINDOWS\System32\OLEAUT32.dll
0x00007ffa90890000 - 0x00007ffa908bf000 	C:\WINDOWS\SYSTEM32\dwmapi.dll
0x00007ffa8f250000 - 0x00007ffa8f810000 	C:\WINDOWS\SYSTEM32\d2d1.dll
0x00007ffa90320000 - 0x00007ffa903b0000 	C:\WINDOWS\SYSTEM32\apphelp.dll
0x00007ffa904e0000 - 0x00007ffa9057e000 	C:\WINDOWS\system32\uxtheme.dll

VM Arguments:
jvm_args: -Xmx2048m -Dfile.encoding=UTF-8 -Duser.country=US -Duser.language=en -Duser.variant 
java_command: org.gradle.launcher.daemon.bootstrap.GradleDaemon 6.5
java_class_path (initial): C:\Users\RITIK\.gradle\wrapper\dists\gradle-6.5-bin\6nifqtx7604sqp1q6g8wikw7p\gradle-6.5\lib\gradle-launcher-6.5.jar
Launcher Type: SUN_STANDARD

Environment Variables:
JAVA_HOME=C:\Program Files\Java\jdk-14.0.1
PATH=C:\Program Files\Amazon Corretto\jdk1.8.0_272\bin;C:\MinGW\bin;C:\MinGW\msys\1.0\bin;C:\Program Files\Java\jdk-14.0.1\bin;C:\Program Files\Java\jre1.8.0_251\bin;C:\Program Files\nodejs\;C:\Program Files\LOVE;C:\Windows\System32;C:\Program Files\MySQL\MySQL Server 8.0\bin;C:\Program Files\PuTTY\;C:\WINDOWS\system32;C:\WINDOWS;C:\WINDOWS\System32\Wbem;C:\WINDOWS\System32\WindowsPowerShell\v1.0\;C:\WINDOWS\System32\OpenSSH\;C:\Program Files\Git\cmd;C:\Program Files\MySQL\MySQL Shell 8.0\bin\;C:\Users\RITIK\AppData\Local\Programs\Python\Python38\Scripts\;C:\Users\RITIK\AppData\Local\Programs\Python\Python38\;C:\Users\RITIK\AppData\Local\Microsoft\WindowsApps;C:\Program Files\JetBrains\PyCharm Community Edition 2020.2.1\bin;;C:\Users\RITIK\AppData\Roaming\npm;C:\Program Files\Sublime Text 3;;C:\Users\RITIK\AppData\Local\Programs\Microsoft VS Code\bin
USERNAME=RITIK
OS=Windows_NT
PROCESSOR_IDENTIFIER=AMD64 Family 22 Model 48 Stepping 1, AuthenticAMD



---------------  S Y S T E M  ---------------

OS: Windows 10.0 , 64 bit Build 19041 (10.0.19041.804)

CPU:total 4 (initial active 4) (4 cores per cpu, 1 threads per core) family 22 model 48 stepping 1, cmov, cx8, fxsr, mmx, sse, sse2, sse3, ssse3, sse4.1, sse4.2, popcnt, avx, aes, clmul, mmxext, 3dnowpref, lzcnt, sse4a, tsc, tscinvbit, tscinv, bmi1

Memory: 4k page, physical 3635312k(310020k free), swap 6778992k(428k free)

vm_info: OpenJDK 64-Bit Server VM (25.242-b01) for windows-amd64 JRE (1.8.0_242-release-1644-b01), built by "builder" with MS VC++ 10.0 (VS2010)

time: Fri Apr 09 22:59:50 2021
timezone: India Standard Time
elapsed time: 3038 seconds (0d 0h 50m 38s)

